Start training ...
/home/mayi/anaconda3/envs/wespeaker/lib/python3.9/site-packages/scipy/__init__.py:146: UserWarning: A NumPy version >=1.16.5 and <1.23.0 is required for this version of SciPy (detected version 1.23.3
  warnings.warn(f"A NumPy version >={np_minversion} and <{np_maxversion}"
exp/debug/models already exists !!!
[ INFO : 2022-11-05 13:59:31,161 ] - exp_dir is: exp/debug
[ INFO : 2022-11-05 13:59:31,161 ] - <== Passed Arguments ==>
[ INFO : 2022-11-05 13:59:31,162 ] - {'data_type': 'shard',
[ INFO : 2022-11-05 13:59:31,162 ] -  'dataloader_args': {'batch_size': 128,
[ INFO : 2022-11-05 13:59:31,162 ] -                      'drop_last': True,
[ INFO : 2022-11-05 13:59:31,162 ] -                      'num_workers': 1,
[ INFO : 2022-11-05 13:59:31,162 ] -                      'pin_memory': False,
[ INFO : 2022-11-05 13:59:31,162 ] -                      'prefetch_factor': 8},
[ INFO : 2022-11-05 13:59:31,162 ] -  'dataset_args': {'aug_prob': 0.6,
[ INFO : 2022-11-05 13:59:31,162 ] -                   'fbank_args': {'dither': 1.0,
[ INFO : 2022-11-05 13:59:31,162 ] -                                  'frame_length': 25,
[ INFO : 2022-11-05 13:59:31,162 ] -                                  'frame_shift': 10,
[ INFO : 2022-11-05 13:59:31,162 ] -                                  'num_mel_bins': 80},
[ INFO : 2022-11-05 13:59:31,162 ] -                   'num_frms': 200,
[ INFO : 2022-11-05 13:59:31,162 ] -                   'resample_rate': 16000,
[ INFO : 2022-11-05 13:59:31,162 ] -                   'shuffle': False,
[ INFO : 2022-11-05 13:59:31,162 ] -                   'shuffle_args': {'shuffle_size': 2500},
[ INFO : 2022-11-05 13:59:31,162 ] -                   'spec_aug': False,
[ INFO : 2022-11-05 13:59:31,162 ] -                   'spec_aug_args': {'max_f': 8,
[ INFO : 2022-11-05 13:59:31,162 ] -                                     'max_t': 10,
[ INFO : 2022-11-05 13:59:31,162 ] -                                     'num_f_mask': 1,
[ INFO : 2022-11-05 13:59:31,162 ] -                                     'num_t_mask': 1,
[ INFO : 2022-11-05 13:59:31,162 ] -                                     'prob': 0.6},
[ INFO : 2022-11-05 13:59:31,162 ] -                   'speed_perturb': True},
[ INFO : 2022-11-05 13:59:31,162 ] -  'exp_dir': 'exp/debug',
[ INFO : 2022-11-05 13:59:31,162 ] -  'gpus': [0],
[ INFO : 2022-11-05 13:59:31,162 ] -  'log_batch_interval': 100,
[ INFO : 2022-11-05 13:59:31,162 ] -  'loss': 'CrossEntropyLoss',
[ INFO : 2022-11-05 13:59:31,162 ] -  'loss_args': {},
[ INFO : 2022-11-05 13:59:31,162 ] -  'margin_scheduler': 'MarginScheduler',
[ INFO : 2022-11-05 13:59:31,162 ] -  'margin_update': {'final_margin': 0.2,
[ INFO : 2022-11-05 13:59:31,162 ] -                    'fix_start_epoch': 40,
[ INFO : 2022-11-05 13:59:31,162 ] -                    'increase_start_epoch': 20,
[ INFO : 2022-11-05 13:59:31,162 ] -                    'increase_type': 'exp',
[ INFO : 2022-11-05 13:59:31,162 ] -                    'initial_margin': 0.0,
[ INFO : 2022-11-05 13:59:31,162 ] -                    'update_margin': True},
[ INFO : 2022-11-05 13:59:31,162 ] -  'model': 'ResNet34',
[ INFO : 2022-11-05 13:59:31,162 ] -  'model_args': {'embed_dim': 256,
[ INFO : 2022-11-05 13:59:31,162 ] -                 'feat_dim': 80,
[ INFO : 2022-11-05 13:59:31,163 ] -                 'pooling_func': 'TSTP',
[ INFO : 2022-11-05 13:59:31,163 ] -                 'two_emb_layer': False},
[ INFO : 2022-11-05 13:59:31,163 ] -  'model_init': None,
[ INFO : 2022-11-05 13:59:31,163 ] -  'noise_data': 'data/musan/lmdb',
[ INFO : 2022-11-05 13:59:31,163 ] -  'num_avg': 10,
[ INFO : 2022-11-05 13:59:31,163 ] -  'num_epochs': 150,
[ INFO : 2022-11-05 13:59:31,163 ] -  'optimizer': 'SGD',
[ INFO : 2022-11-05 13:59:31,163 ] -  'optimizer_args': {'momentum': 0.9, 'nesterov': True, 'weight_decay': 0.0001},
[ INFO : 2022-11-05 13:59:31,163 ] -  'projection_args': {'easy_margin': False,
[ INFO : 2022-11-05 13:59:31,163 ] -                      'project_type': 'arc_margin',
[ INFO : 2022-11-05 13:59:31,163 ] -                      'scale': 32.0},
[ INFO : 2022-11-05 13:59:31,163 ] -  'reverb_data': 'data/rirs/lmdb',
[ INFO : 2022-11-05 13:59:31,163 ] -  'save_epoch_interval': 15,
[ INFO : 2022-11-05 13:59:31,163 ] -  'scheduler': 'ExponentialDecrease',
[ INFO : 2022-11-05 13:59:31,163 ] -  'scheduler_args': {'final_lr': 5e-05,
[ INFO : 2022-11-05 13:59:31,163 ] -                     'initial_lr': 0.1,
[ INFO : 2022-11-05 13:59:31,163 ] -                     'warm_from_zero': True,
[ INFO : 2022-11-05 13:59:31,163 ] -                     'warm_up_epoch': 6},
[ INFO : 2022-11-05 13:59:31,163 ] -  'seed': 42,
[ INFO : 2022-11-05 13:59:31,163 ] -  'train_data': 'data/vox2_dev/shard.list',
[ INFO : 2022-11-05 13:59:31,163 ] -  'train_label': 'data/vox2_dev/utt2spk'}
[ INFO : 2022-11-05 13:59:33,654 ] - <== Data statistics ==>
[ INFO : 2022-11-05 13:59:33,655 ] - train data num: 1092009, spk num: 5994
[ INFO : 2022-11-05 13:59:33,661 ] - <== Dataloaders ==>
[ INFO : 2022-11-05 13:59:33,661 ] - train dataloaders created
[ INFO : 2022-11-05 13:59:33,661 ] - loader size: 8531
[ INFO : 2022-11-05 13:59:33,661 ] - <== Model ==>
[ INFO : 2022-11-05 13:59:33,795 ] - speaker_model size: 6634336
[ INFO : 2022-11-05 13:59:33,796 ] - Train model from scratch ...
[ INFO : 2022-11-05 13:59:33,823 ] - ResNet(
[ INFO : 2022-11-05 13:59:33,823 ] -   (Spec): Spectrogram()
[ INFO : 2022-11-05 13:59:33,823 ] -   (Mel_scale): MelScale()
[ INFO : 2022-11-05 13:59:33,824 ] -   (conv1): Conv2d(1, 32, kernel_size=(3, 3), stride=(1, 1), padding=(1, 1), bias=False)
[ INFO : 2022-11-05 13:59:33,824 ] -   (bn1): BatchNorm2d(32, eps=1e-05, momentum=0.1, affine=True, track_running_stats=True)
[ INFO : 2022-11-05 13:59:33,824 ] -   (layer1): Sequential(
[ INFO : 2022-11-05 13:59:33,824 ] -     (0): BasicBlock(
[ INFO : 2022-11-05 13:59:33,824 ] -       (conv1): Conv2d(32, 32, kernel_size=(3, 3), stride=(1, 1), padding=(1, 1), bias=False)
[ INFO : 2022-11-05 13:59:33,824 ] -       (bn1): BatchNorm2d(32, eps=1e-05, momentum=0.1, affine=True, track_running_stats=True)
[ INFO : 2022-11-05 13:59:33,824 ] -       (conv2): Conv2d(32, 32, kernel_size=(3, 3), stride=(1, 1), padding=(1, 1), bias=False)
[ INFO : 2022-11-05 13:59:33,824 ] -       (bn2): BatchNorm2d(32, eps=1e-05, momentum=0.1, affine=True, track_running_stats=True)
[ INFO : 2022-11-05 13:59:33,824 ] -       (shortcut): Sequential()
[ INFO : 2022-11-05 13:59:33,824 ] -     )
[ INFO : 2022-11-05 13:59:33,824 ] -     (1): BasicBlock(
[ INFO : 2022-11-05 13:59:33,824 ] -       (conv1): Conv2d(32, 32, kernel_size=(3, 3), stride=(1, 1), padding=(1, 1), bias=False)
[ INFO : 2022-11-05 13:59:33,824 ] -       (bn1): BatchNorm2d(32, eps=1e-05, momentum=0.1, affine=True, track_running_stats=True)
[ INFO : 2022-11-05 13:59:33,824 ] -       (conv2): Conv2d(32, 32, kernel_size=(3, 3), stride=(1, 1), padding=(1, 1), bias=False)
[ INFO : 2022-11-05 13:59:33,824 ] -       (bn2): BatchNorm2d(32, eps=1e-05, momentum=0.1, affine=True, track_running_stats=True)
[ INFO : 2022-11-05 13:59:33,824 ] -       (shortcut): Sequential()
[ INFO : 2022-11-05 13:59:33,824 ] -     )
[ INFO : 2022-11-05 13:59:33,824 ] -     (2): BasicBlock(
[ INFO : 2022-11-05 13:59:33,824 ] -       (conv1): Conv2d(32, 32, kernel_size=(3, 3), stride=(1, 1), padding=(1, 1), bias=False)
[ INFO : 2022-11-05 13:59:33,824 ] -       (bn1): BatchNorm2d(32, eps=1e-05, momentum=0.1, affine=True, track_running_stats=True)
[ INFO : 2022-11-05 13:59:33,824 ] -       (conv2): Conv2d(32, 32, kernel_size=(3, 3), stride=(1, 1), padding=(1, 1), bias=False)
[ INFO : 2022-11-05 13:59:33,824 ] -       (bn2): BatchNorm2d(32, eps=1e-05, momentum=0.1, affine=True, track_running_stats=True)
[ INFO : 2022-11-05 13:59:33,824 ] -       (shortcut): Sequential()
[ INFO : 2022-11-05 13:59:33,824 ] -     )
[ INFO : 2022-11-05 13:59:33,824 ] -   )
[ INFO : 2022-11-05 13:59:33,824 ] -   (layer2): Sequential(
[ INFO : 2022-11-05 13:59:33,824 ] -     (0): BasicBlock(
[ INFO : 2022-11-05 13:59:33,824 ] -       (conv1): Conv2d(32, 64, kernel_size=(3, 3), stride=(2, 2), padding=(1, 1), bias=False)
[ INFO : 2022-11-05 13:59:33,824 ] -       (bn1): BatchNorm2d(64, eps=1e-05, momentum=0.1, affine=True, track_running_stats=True)
[ INFO : 2022-11-05 13:59:33,824 ] -       (conv2): Conv2d(64, 64, kernel_size=(3, 3), stride=(1, 1), padding=(1, 1), bias=False)
[ INFO : 2022-11-05 13:59:33,824 ] -       (bn2): BatchNorm2d(64, eps=1e-05, momentum=0.1, affine=True, track_running_stats=True)
[ INFO : 2022-11-05 13:59:33,824 ] -       (shortcut): Sequential(
[ INFO : 2022-11-05 13:59:33,824 ] -         (0): Conv2d(32, 64, kernel_size=(1, 1), stride=(2, 2), bias=False)
[ INFO : 2022-11-05 13:59:33,824 ] -         (1): BatchNorm2d(64, eps=1e-05, momentum=0.1, affine=True, track_running_stats=True)
[ INFO : 2022-11-05 13:59:33,824 ] -       )
[ INFO : 2022-11-05 13:59:33,824 ] -     )
[ INFO : 2022-11-05 13:59:33,825 ] -     (1): BasicBlock(
[ INFO : 2022-11-05 13:59:33,825 ] -       (conv1): Conv2d(64, 64, kernel_size=(3, 3), stride=(1, 1), padding=(1, 1), bias=False)
[ INFO : 2022-11-05 13:59:33,825 ] -       (bn1): BatchNorm2d(64, eps=1e-05, momentum=0.1, affine=True, track_running_stats=True)
[ INFO : 2022-11-05 13:59:33,825 ] -       (conv2): Conv2d(64, 64, kernel_size=(3, 3), stride=(1, 1), padding=(1, 1), bias=False)
[ INFO : 2022-11-05 13:59:33,825 ] -       (bn2): BatchNorm2d(64, eps=1e-05, momentum=0.1, affine=True, track_running_stats=True)
[ INFO : 2022-11-05 13:59:33,825 ] -       (shortcut): Sequential()
[ INFO : 2022-11-05 13:59:33,825 ] -     )
[ INFO : 2022-11-05 13:59:33,825 ] -     (2): BasicBlock(
[ INFO : 2022-11-05 13:59:33,825 ] -       (conv1): Conv2d(64, 64, kernel_size=(3, 3), stride=(1, 1), padding=(1, 1), bias=False)
[ INFO : 2022-11-05 13:59:33,825 ] -       (bn1): BatchNorm2d(64, eps=1e-05, momentum=0.1, affine=True, track_running_stats=True)
[ INFO : 2022-11-05 13:59:33,825 ] -       (conv2): Conv2d(64, 64, kernel_size=(3, 3), stride=(1, 1), padding=(1, 1), bias=False)
[ INFO : 2022-11-05 13:59:33,825 ] -       (bn2): BatchNorm2d(64, eps=1e-05, momentum=0.1, affine=True, track_running_stats=True)
[ INFO : 2022-11-05 13:59:33,825 ] -       (shortcut): Sequential()
[ INFO : 2022-11-05 13:59:33,825 ] -     )
[ INFO : 2022-11-05 13:59:33,825 ] -     (3): BasicBlock(
[ INFO : 2022-11-05 13:59:33,825 ] -       (conv1): Conv2d(64, 64, kernel_size=(3, 3), stride=(1, 1), padding=(1, 1), bias=False)
[ INFO : 2022-11-05 13:59:33,825 ] -       (bn1): BatchNorm2d(64, eps=1e-05, momentum=0.1, affine=True, track_running_stats=True)
[ INFO : 2022-11-05 13:59:33,825 ] -       (conv2): Conv2d(64, 64, kernel_size=(3, 3), stride=(1, 1), padding=(1, 1), bias=False)
[ INFO : 2022-11-05 13:59:33,825 ] -       (bn2): BatchNorm2d(64, eps=1e-05, momentum=0.1, affine=True, track_running_stats=True)
[ INFO : 2022-11-05 13:59:33,825 ] -       (shortcut): Sequential()
[ INFO : 2022-11-05 13:59:33,825 ] -     )
[ INFO : 2022-11-05 13:59:33,825 ] -   )
[ INFO : 2022-11-05 13:59:33,825 ] -   (layer3): Sequential(
[ INFO : 2022-11-05 13:59:33,825 ] -     (0): BasicBlock(
[ INFO : 2022-11-05 13:59:33,825 ] -       (conv1): Conv2d(64, 128, kernel_size=(3, 3), stride=(2, 2), padding=(1, 1), bias=False)
[ INFO : 2022-11-05 13:59:33,825 ] -       (bn1): BatchNorm2d(128, eps=1e-05, momentum=0.1, affine=True, track_running_stats=True)
[ INFO : 2022-11-05 13:59:33,825 ] -       (conv2): Conv2d(128, 128, kernel_size=(3, 3), stride=(1, 1), padding=(1, 1), bias=False)
[ INFO : 2022-11-05 13:59:33,825 ] -       (bn2): BatchNorm2d(128, eps=1e-05, momentum=0.1, affine=True, track_running_stats=True)
[ INFO : 2022-11-05 13:59:33,825 ] -       (shortcut): Sequential(
[ INFO : 2022-11-05 13:59:33,825 ] -         (0): Conv2d(64, 128, kernel_size=(1, 1), stride=(2, 2), bias=False)
[ INFO : 2022-11-05 13:59:33,825 ] -         (1): BatchNorm2d(128, eps=1e-05, momentum=0.1, affine=True, track_running_stats=True)
[ INFO : 2022-11-05 13:59:33,825 ] -       )
[ INFO : 2022-11-05 13:59:33,825 ] -     )
[ INFO : 2022-11-05 13:59:33,825 ] -     (1): BasicBlock(
[ INFO : 2022-11-05 13:59:33,825 ] -       (conv1): Conv2d(128, 128, kernel_size=(3, 3), stride=(1, 1), padding=(1, 1), bias=False)
[ INFO : 2022-11-05 13:59:33,825 ] -       (bn1): BatchNorm2d(128, eps=1e-05, momentum=0.1, affine=True, track_running_stats=True)
[ INFO : 2022-11-05 13:59:33,825 ] -       (conv2): Conv2d(128, 128, kernel_size=(3, 3), stride=(1, 1), padding=(1, 1), bias=False)
[ INFO : 2022-11-05 13:59:33,825 ] -       (bn2): BatchNorm2d(128, eps=1e-05, momentum=0.1, affine=True, track_running_stats=True)
[ INFO : 2022-11-05 13:59:33,826 ] -       (shortcut): Sequential()
[ INFO : 2022-11-05 13:59:33,826 ] -     )
[ INFO : 2022-11-05 13:59:33,826 ] -     (2): BasicBlock(
[ INFO : 2022-11-05 13:59:33,826 ] -       (conv1): Conv2d(128, 128, kernel_size=(3, 3), stride=(1, 1), padding=(1, 1), bias=False)
[ INFO : 2022-11-05 13:59:33,826 ] -       (bn1): BatchNorm2d(128, eps=1e-05, momentum=0.1, affine=True, track_running_stats=True)
[ INFO : 2022-11-05 13:59:33,826 ] -       (conv2): Conv2d(128, 128, kernel_size=(3, 3), stride=(1, 1), padding=(1, 1), bias=False)
[ INFO : 2022-11-05 13:59:33,826 ] -       (bn2): BatchNorm2d(128, eps=1e-05, momentum=0.1, affine=True, track_running_stats=True)
[ INFO : 2022-11-05 13:59:33,826 ] -       (shortcut): Sequential()
[ INFO : 2022-11-05 13:59:33,826 ] -     )
[ INFO : 2022-11-05 13:59:33,826 ] -     (3): BasicBlock(
[ INFO : 2022-11-05 13:59:33,826 ] -       (conv1): Conv2d(128, 128, kernel_size=(3, 3), stride=(1, 1), padding=(1, 1), bias=False)
[ INFO : 2022-11-05 13:59:33,826 ] -       (bn1): BatchNorm2d(128, eps=1e-05, momentum=0.1, affine=True, track_running_stats=True)
[ INFO : 2022-11-05 13:59:33,826 ] -       (conv2): Conv2d(128, 128, kernel_size=(3, 3), stride=(1, 1), padding=(1, 1), bias=False)
[ INFO : 2022-11-05 13:59:33,826 ] -       (bn2): BatchNorm2d(128, eps=1e-05, momentum=0.1, affine=True, track_running_stats=True)
[ INFO : 2022-11-05 13:59:33,826 ] -       (shortcut): Sequential()
[ INFO : 2022-11-05 13:59:33,826 ] -     )
[ INFO : 2022-11-05 13:59:33,826 ] -     (4): BasicBlock(
[ INFO : 2022-11-05 13:59:33,826 ] -       (conv1): Conv2d(128, 128, kernel_size=(3, 3), stride=(1, 1), padding=(1, 1), bias=False)
[ INFO : 2022-11-05 13:59:33,826 ] -       (bn1): BatchNorm2d(128, eps=1e-05, momentum=0.1, affine=True, track_running_stats=True)
[ INFO : 2022-11-05 13:59:33,826 ] -       (conv2): Conv2d(128, 128, kernel_size=(3, 3), stride=(1, 1), padding=(1, 1), bias=False)
[ INFO : 2022-11-05 13:59:33,826 ] -       (bn2): BatchNorm2d(128, eps=1e-05, momentum=0.1, affine=True, track_running_stats=True)
[ INFO : 2022-11-05 13:59:33,826 ] -       (shortcut): Sequential()
[ INFO : 2022-11-05 13:59:33,826 ] -     )
[ INFO : 2022-11-05 13:59:33,826 ] -     (5): BasicBlock(
[ INFO : 2022-11-05 13:59:33,826 ] -       (conv1): Conv2d(128, 128, kernel_size=(3, 3), stride=(1, 1), padding=(1, 1), bias=False)
[ INFO : 2022-11-05 13:59:33,826 ] -       (bn1): BatchNorm2d(128, eps=1e-05, momentum=0.1, affine=True, track_running_stats=True)
[ INFO : 2022-11-05 13:59:33,826 ] -       (conv2): Conv2d(128, 128, kernel_size=(3, 3), stride=(1, 1), padding=(1, 1), bias=False)
[ INFO : 2022-11-05 13:59:33,826 ] -       (bn2): BatchNorm2d(128, eps=1e-05, momentum=0.1, affine=True, track_running_stats=True)
[ INFO : 2022-11-05 13:59:33,826 ] -       (shortcut): Sequential()
[ INFO : 2022-11-05 13:59:33,826 ] -     )
[ INFO : 2022-11-05 13:59:33,826 ] -   )
[ INFO : 2022-11-05 13:59:33,826 ] -   (layer4): Sequential(
[ INFO : 2022-11-05 13:59:33,826 ] -     (0): BasicBlock(
[ INFO : 2022-11-05 13:59:33,826 ] -       (conv1): Conv2d(128, 256, kernel_size=(3, 3), stride=(2, 2), padding=(1, 1), bias=False)
[ INFO : 2022-11-05 13:59:33,826 ] -       (bn1): BatchNorm2d(256, eps=1e-05, momentum=0.1, affine=True, track_running_stats=True)
[ INFO : 2022-11-05 13:59:33,826 ] -       (conv2): Conv2d(256, 256, kernel_size=(3, 3), stride=(1, 1), padding=(1, 1), bias=False)
[ INFO : 2022-11-05 13:59:33,826 ] -       (bn2): BatchNorm2d(256, eps=1e-05, momentum=0.1, affine=True, track_running_stats=True)
[ INFO : 2022-11-05 13:59:33,826 ] -       (shortcut): Sequential(
[ INFO : 2022-11-05 13:59:33,827 ] -         (0): Conv2d(128, 256, kernel_size=(1, 1), stride=(2, 2), bias=False)
[ INFO : 2022-11-05 13:59:33,827 ] -         (1): BatchNorm2d(256, eps=1e-05, momentum=0.1, affine=True, track_running_stats=True)
[ INFO : 2022-11-05 13:59:33,827 ] -       )
[ INFO : 2022-11-05 13:59:33,827 ] -     )
[ INFO : 2022-11-05 13:59:33,827 ] -     (1): BasicBlock(
[ INFO : 2022-11-05 13:59:33,827 ] -       (conv1): Conv2d(256, 256, kernel_size=(3, 3), stride=(1, 1), padding=(1, 1), bias=False)
[ INFO : 2022-11-05 13:59:33,827 ] -       (bn1): BatchNorm2d(256, eps=1e-05, momentum=0.1, affine=True, track_running_stats=True)
[ INFO : 2022-11-05 13:59:33,827 ] -       (conv2): Conv2d(256, 256, kernel_size=(3, 3), stride=(1, 1), padding=(1, 1), bias=False)
[ INFO : 2022-11-05 13:59:33,827 ] -       (bn2): BatchNorm2d(256, eps=1e-05, momentum=0.1, affine=True, track_running_stats=True)
[ INFO : 2022-11-05 13:59:33,827 ] -       (shortcut): Sequential()
[ INFO : 2022-11-05 13:59:33,827 ] -     )
[ INFO : 2022-11-05 13:59:33,827 ] -     (2): BasicBlock(
[ INFO : 2022-11-05 13:59:33,827 ] -       (conv1): Conv2d(256, 256, kernel_size=(3, 3), stride=(1, 1), padding=(1, 1), bias=False)
[ INFO : 2022-11-05 13:59:33,827 ] -       (bn1): BatchNorm2d(256, eps=1e-05, momentum=0.1, affine=True, track_running_stats=True)
[ INFO : 2022-11-05 13:59:33,827 ] -       (conv2): Conv2d(256, 256, kernel_size=(3, 3), stride=(1, 1), padding=(1, 1), bias=False)
[ INFO : 2022-11-05 13:59:33,827 ] -       (bn2): BatchNorm2d(256, eps=1e-05, momentum=0.1, affine=True, track_running_stats=True)
[ INFO : 2022-11-05 13:59:33,827 ] -       (shortcut): Sequential()
[ INFO : 2022-11-05 13:59:33,827 ] -     )
[ INFO : 2022-11-05 13:59:33,827 ] -   )
[ INFO : 2022-11-05 13:59:33,827 ] -   (pool): TSTP()
[ INFO : 2022-11-05 13:59:33,827 ] -   (seg_1): Linear(in_features=5120, out_features=256, bias=True)
[ INFO : 2022-11-05 13:59:33,827 ] -   (seg_bn_1): Identity()
[ INFO : 2022-11-05 13:59:33,827 ] -   (seg_2): Identity()
[ INFO : 2022-11-05 13:59:33,827 ] -   (projection): ArcMarginProduct(
[ INFO : 2022-11-05 13:59:33,827 ] -     in_features=256, out_features=17982, scale=32.0,
[ INFO : 2022-11-05 13:59:33,827 ] -                       margin=0.0, easy_margin=False
[ INFO : 2022-11-05 13:59:33,827 ] -   )
[ INFO : 2022-11-05 13:59:33,827 ] - )
[ INFO : 2022-11-05 13:59:34,262 ] - start_epoch: 1
[ INFO : 2022-11-05 13:59:35,018 ] - <== Loss ==>
[ INFO : 2022-11-05 13:59:35,018 ] - loss criterion is: CrossEntropyLoss
[ INFO : 2022-11-05 13:59:35,019 ] - <== Optimizer ==>
[ INFO : 2022-11-05 13:59:35,019 ] - optimizer is: SGD
[ INFO : 2022-11-05 13:59:35,019 ] - <== Scheduler ==>
[ INFO : 2022-11-05 13:59:35,019 ] - scheduler is: ExponentialDecrease
[ INFO : 2022-11-05 13:59:35,019 ] - <== MarginScheduler ==>
[ INFO : 2022-11-05 13:59:35,024 ] - <========== Training process ==========>
[ INFO : 2022-11-05 13:59:35,025 ] - +----------+----------+----------+----------+----------+----------+
[ INFO : 2022-11-05 13:59:35,025 ] - |     Epoch|     Batch|        Lr|    Margin|      Loss|       Acc|
[ INFO : 2022-11-05 13:59:35,025 ] - +----------+----------+----------+----------+----------+----------+
[ INFO : 2022-11-05 13:59:39,592 ] - Reducer buckets have been rebuilt in this iteration.
[ INFO : 2022-11-05 14:00:36,223 ] - |         1|       100| 0.0003866|         0|    10.763| 0.0078125|
[ INFO : 2022-11-05 14:01:32,785 ] - |         1|       200|0.00077664|         0|    10.067|  0.015625|
[ INFO : 2022-11-05 14:02:28,061 ] - |         1|       300| 0.0011662|         0|    9.7816|  0.015625|
[ INFO : 2022-11-05 14:03:24,892 ] - |         1|       400| 0.0015553|         0|    9.6695|  0.021484|
[ INFO : 2022-11-05 14:04:20,926 ] - |         1|       500|  0.001944|         0|    9.6233|   0.03125|
[ INFO : 2022-11-05 14:05:16,260 ] - |         1|       600| 0.0023322|         0|    9.5809|  0.041667|
[ INFO : 2022-11-05 14:06:12,358 ] - |         1|       700| 0.0027199|         0|    9.5433|  0.052455|
[ INFO : 2022-11-05 14:07:08,254 ] - |         1|       800| 0.0031072|         0|    9.5118|  0.056641|
[ INFO : 2022-11-05 14:08:03,550 ] - |         1|       900|  0.003494|         0|    9.4863|  0.064236|
[ INFO : 2022-11-05 14:08:59,787 ] - |         1|      1000| 0.0038803|         0|    9.4633|  0.069531|
[ INFO : 2022-11-05 14:09:55,997 ] - |         1|      1100| 0.0042662|         0|    9.4371|  0.073864|
[ INFO : 2022-11-05 14:10:51,626 ] - |         1|      1200| 0.0046516|         0|    9.4092|  0.082682|
[ INFO : 2022-11-05 14:11:48,268 ] - |         1|      1300| 0.0050366|         0|    9.3799|  0.099159|
[ INFO : 2022-11-05 14:12:44,307 ] - |         1|      1400| 0.0054211|         0|    9.3465|   0.10938|
[ INFO : 2022-11-05 14:13:40,789 ] - |         1|      1500| 0.0058052|         0|    9.3076|   0.12708|
